android/build/intermediates/manifest_merge_blame_file/debug/manifest-merger-blame-debug-report.txt
1<?xml version="1.0" encoding="utf-8"?>
2<manifest xmlns:android="http://schemas.android.com/apk/res/android"
3    package="expo.modules.imagepicker" >
4
5    <uses-sdk android:minSdkVersion="21" />
5-->src/main/AndroidManifest.xml
6    <!-- Required for picking images from camera directly -->
7    <uses-permission android:name="android.permission.CAMERA" />
7-->src/main/AndroidManifest.xml:5:5-64
7-->src/main/AndroidManifest.xml:5:22-62
8
9    <!-- Required for picking images from camera roll -->
10    <uses-permission android:name="android.permission.WRITE_EXTERNAL_STORAGE" />
10-->src/main/AndroidManifest.xml:8:5-80
10-->src/main/AndroidManifest.xml:8:22-78
11    <uses-permission android:name="android.permission.READ_EXTERNAL_STORAGE" />
11-->src/main/AndroidManifest.xml:9:5-79
11-->src/main/AndroidManifest.xml:9:22-77
12    <uses-permission android:name="android.permission.READ_MEDIA_IMAGES" />
12-->src/main/AndroidManifest.xml:10:5-76
12-->src/main/AndroidManifest.xml:10:22-73
13    <uses-permission android:name="android.permission.READ_MEDIA_VIDEO" />
13-->src/main/AndroidManifest.xml:11:5-75
13-->src/main/AndroidManifest.xml:11:22-72
14
15    <queries>
15-->src/main/AndroidManifest.xml:29:5-38:15
16        <intent>
16-->src/main/AndroidManifest.xml:30:9-33:18
17
18            <!-- Required for picking images from the camera roll if targeting API 30 -->
19            <action android:name="android.media.action.IMAGE_CAPTURE" />
19-->src/main/AndroidManifest.xml:32:13-73
19-->src/main/AndroidManifest.xml:32:21-70
20        </intent>
21        <intent>
21-->src/main/AndroidManifest.xml:34:9-37:18
22
23            <!-- Required for picking images from the camera if targeting API 30 -->
24            <action android:name="android.media.action.ACTION_VIDEO_CAPTURE" />
24-->src/main/AndroidManifest.xml:36:13-80
24-->src/main/AndroidManifest.xml:36:21-77
25        </intent>
26    </queries>
27
28    <application>
28-->src/main/AndroidManifest.xml:13:5-27:19
29        <activity
29-->src/main/AndroidManifest.xml:14:7-16:54
30            android:name="com.canhub.cropper.CropImageActivity"
30-->src/main/AndroidManifest.xml:15:9-60
31            android:theme="@style/Base.Theme.AppCompat" />
31-->src/main/AndroidManifest.xml:16:9-52
32        <!-- https://developer.android.com/guide/topics/manifest/provider-element.html -->
33        <provider
33-->src/main/AndroidManifest.xml:18:9-26:20
34            android:name="expo.modules.imagepicker.fileprovider.ImagePickerFileProvider"
34-->src/main/AndroidManifest.xml:19:13-65
35            android:authorities="${applicationId}.ImagePickerFileProvider"
35-->src/main/AndroidManifest.xml:20:13-75
36            android:exported="false"
36-->src/main/AndroidManifest.xml:21:13-37
37            android:grantUriPermissions="true" >
37-->src/main/AndroidManifest.xml:22:13-47
38            <meta-data
38-->src/main/AndroidManifest.xml:23:13-25:70
39                android:name="android.support.FILE_PROVIDER_PATHS"
39-->src/main/AndroidManifest.xml:24:17-67
40                android:resource="@xml/image_picker_provider_paths" />
40-->src/main/AndroidManifest.xml:25:17-68
41        </provider>
42    </application>
43
44</manifest>